<?xml version="1.0" encoding="UTF-8"?>
<!-- Generated by org.testng.reporters.JUnitReportReporter -->
<testsuite hostname="PC4155" name="com.cure.softweb.RUN.HomePage" tests="3" failures="0" timestamp="22 Jun 2017 07:22:10 GMT" time="45.370" errors="0">
  <testcase name="createsp2" time="1.994" classname="com.cure.softweb.RUN.HomePage"/>
  <testcase name="createsp1" time="35.060" classname="com.cure.softweb.RUN.HomePage"/>
  <testcase name="login" time="8.316" classname="com.cure.softweb.RUN.HomePage"/>
</testsuite> <!-- com.cure.softweb.RUN.HomePage -->
