<?xml version="1.0" encoding="UTF-8"?>
<!-- Generated by org.testng.reporters.JUnitReportReporter -->
<testsuite skipped="0" hostname="PC4155" name="com.cure.softweb.RUN.HomePage" tests="9" failures="0" timestamp="03 Jul 2017 08:00:52 GMT" time="105.860" errors="1">
  <testcase name="terminate" time="0.010" classname="com.cure.softweb.RUN.HomePage">
    <error type="java.lang.NoClassDefFoundError" message="com/sun/mail/util/MailLogger">
      <![CDATA[java.lang.NoClassDefFoundError: com/sun/mail/util/MailLogger
	at javax.mail.Session.initLogger(Session.java:230)
	at javax.mail.Session.<init>(Session.java:214)
	at javax.mail.Session.getDefaultInstance(Session.java:325)
	at emailReports.SendMailSSLWithAttachment.sendTheEmail(SendMailSSLWithAttachment.java:51)
	at com.cure.softweb.RUN.HomePage.terminate(HomePage.java:158)
	at sun.reflect.NativeMethodAccessorImpl.invoke0(Native Method)
	at sun.reflect.NativeMethodAccessorImpl.invoke(Unknown Source)
	at sun.reflect.DelegatingMethodAccessorImpl.invoke(Unknown Source)
	at java.lang.reflect.Method.invoke(Unknown Source)
	at org.testng.internal.MethodInvocationHelper.invokeMethod(MethodInvocationHelper.java:108)
	at org.testng.internal.Invoker.invokeConfigurationMethod(Invoker.java:523)
	at org.testng.internal.Invoker.invokeConfigurations(Invoker.java:224)
	at org.testng.internal.Invoker.invokeConfigurations(Invoker.java:146)
	at org.testng.TestRunner.afterRun(TestRunner.java:958)
	at org.testng.TestRunner.run(TestRunner.java:606)
	at org.testng.SuiteRunner.runTest(SuiteRunner.java:380)
	at org.testng.SuiteRunner.runSequentially(SuiteRunner.java:375)
	at org.testng.SuiteRunner.privateRun(SuiteRunner.java:340)
	at org.testng.SuiteRunner.run(SuiteRunner.java:289)
	at org.testng.SuiteRunnerWorker.runSuite(SuiteRunnerWorker.java:52)
	at org.testng.SuiteRunnerWorker.run(SuiteRunnerWorker.java:86)
	at org.testng.TestNG.runSuitesSequentially(TestNG.java:1301)
	at org.testng.TestNG.runSuitesLocally(TestNG.java:1226)
	at org.testng.TestNG.runSuites(TestNG.java:1144)
	at org.testng.TestNG.run(TestNG.java:1115)
	at org.testng.remote.AbstractRemoteTestNG.run(AbstractRemoteTestNG.java:132)
	at org.testng.remote.RemoteTestNG.initAndRun(RemoteTestNG.java:230)
	at org.testng.remote.RemoteTestNG.main(RemoteTestNG.java:76)
Caused by: java.lang.ClassNotFoundException: com.sun.mail.util.MailLogger
	at java.net.URLClassLoader.findClass(Unknown Source)
	at java.lang.ClassLoader.loadClass(Unknown Source)
	at sun.misc.Launcher$AppClassLoader.loadClass(Unknown Source)
	at java.lang.ClassLoader.loadClass(Unknown Source)
	... 28 more
]]>
    </error>
  </testcase> <!-- terminate -->
  <testcase name="login" time="12.855" classname="com.cure.softweb.RUN.HomePage"/>
  <testcase name="createsp1" time="36.467" classname="com.cure.softweb.RUN.HomePage"/>
  <testcase name="createsp2" time="1.994" classname="com.cure.softweb.RUN.HomePage"/>
  <testcase name="createsp3" time="3.447" classname="com.cure.softweb.RUN.HomePage"/>
  <testcase name="createsp4" time="14.440" classname="com.cure.softweb.RUN.HomePage"/>
  <testcase name="createsp5" time="12.718" classname="com.cure.softweb.RUN.HomePage"/>
  <testcase name="createsp6" time="17.437" classname="com.cure.softweb.RUN.HomePage"/>
  <testcase name="createsp7" time="6.492" classname="com.cure.softweb.RUN.HomePage"/>
</testsuite> <!-- com.cure.softweb.RUN.HomePage -->
