<?xml version="1.0" encoding="UTF-8"?>
<!-- Generated by org.testng.reporters.JUnitReportReporter -->
<testsuite name="com.cure.softweb.RUN.HomePage" tests="1" time="16.729" ignored="0" failures="0" timestamp="04 Jul 2017 05:33:23 GMT" skipped="0" hostname="PC4155" errors="0">
  <testcase name="login" time="16.729" classname="com.cure.softweb.RUN.HomePage"/>
</testsuite> <!-- com.cure.softweb.RUN.HomePage -->
